{"uuid":"41963714-9149-490f-94c5-1756fa93d0e9","historyId":"66cb9ffc9a0a663fd5845a9c123d2d07","fullName":"pomTests.BlogTC.LatestArticleSection","labels":[{"name":"package","value":"pomTests.BlogTC"},{"name":"testClass","value":"pomTests.BlogTC"},{"name":"testMethod","value":"LatestArticleSection"},{"name":"parentSuite","value":"Default suite"},{"name":"suite","value":"Default test"},{"name":"subSuite","value":"pomTests.BlogTC"},{"name":"host","value":"DESKTOP-TKCBKNG"},{"name":"thread","value":"11964@DESKTOP-TKCBKNG.main(1)"},{"name":"framework","value":"testng"},{"name":"language","value":"java"}],"links":[],"name":"Latest Article Section","status":"skipped","statusDetails":{"known":false,"muted":false,"flaky":false,"message":"Error {\n  message='Page closed\n=========================== logs ===========================\nnavigating to \"https://ecommerce-playground.lambdatest.io/\", waiting until \"load\"\n============================================================\n  name='Error\n  stack='Error: Page closed\n=========================== logs ===========================\nnavigating to \"https://ecommerce-playground.lambdatest.io/\", waiting until \"load\"\n============================================================\n    at LongStandingScope._race (C:\\Users\\dasun\\AppData\\Local\\Temp\\playwright-java-9265515946980495712\\package\\lib\\utils\\manualPromise.js:96:51)\n    at LongStandingScope.race (C:\\Users\\dasun\\AppData\\Local\\Temp\\playwright-java-9265515946980495712\\package\\lib\\utils\\manualPromise.js:87:17)\n    at C:\\Users\\dasun\\AppData\\Local\\Temp\\playwright-java-9265515946980495712\\package\\lib\\utils\\manualPromise.js:84:43\n    at Array.map (<anonymous>)\n    at LongStandingScope.raceMultiple (C:\\Users\\dasun\\AppData\\Local\\Temp\\playwright-java-9265515946980495712\\package\\lib\\utils\\manualPromise.js:84:32)\n    at Frame.raceNavigationAction (C:\\Users\\dasun\\AppData\\Local\\Temp\\playwright-java-9265515946980495712\\package\\lib\\server\\frames.js:491:37)\n    at Frame._goto (C:\\Users\\dasun\\AppData\\Local\\Temp\\playwright-java-9265515946980495712\\package\\lib\\server\\frames.js:519:17)\n    at C:\\Users\\dasun\\AppData\\Local\\Temp\\playwright-java-9265515946980495712\\package\\lib\\server\\frames.js:516:44\n    at ProgressController.run (C:\\Users\\dasun\\AppData\\Local\\Temp\\playwright-java-9265515946980495712\\package\\lib\\server\\progress.js:91:23)\n    at Frame.goto (C:\\Users\\dasun\\AppData\\Local\\Temp\\playwright-java-9265515946980495712\\package\\lib\\server\\frames.js:516:23)\n}","trace":"com.microsoft.playwright.PlaywrightException: Error {\n  message='Page closed\n=========================== logs ===========================\nnavigating to \"https://ecommerce-playground.lambdatest.io/\", waiting until \"load\"\n============================================================\n  name='Error\n  stack='Error: Page closed\n=========================== logs ===========================\nnavigating to \"https://ecommerce-playground.lambdatest.io/\", waiting until \"load\"\n============================================================\n    at LongStandingScope._race (C:\\Users\\dasun\\AppData\\Local\\Temp\\playwright-java-9265515946980495712\\package\\lib\\utils\\manualPromise.js:96:51)\n    at LongStandingScope.race (C:\\Users\\dasun\\AppData\\Local\\Temp\\playwright-java-9265515946980495712\\package\\lib\\utils\\manualPromise.js:87:17)\n    at C:\\Users\\dasun\\AppData\\Local\\Temp\\playwright-java-9265515946980495712\\package\\lib\\utils\\manualPromise.js:84:43\n    at Array.map (<anonymous>)\n    at LongStandingScope.raceMultiple (C:\\Users\\dasun\\AppData\\Local\\Temp\\playwright-java-9265515946980495712\\package\\lib\\utils\\manualPromise.js:84:32)\n    at Frame.raceNavigationAction (C:\\Users\\dasun\\AppData\\Local\\Temp\\playwright-java-9265515946980495712\\package\\lib\\server\\frames.js:491:37)\n    at Frame._goto (C:\\Users\\dasun\\AppData\\Local\\Temp\\playwright-java-9265515946980495712\\package\\lib\\server\\frames.js:519:17)\n    at C:\\Users\\dasun\\AppData\\Local\\Temp\\playwright-java-9265515946980495712\\package\\lib\\server\\frames.js:516:44\n    at ProgressController.run (C:\\Users\\dasun\\AppData\\Local\\Temp\\playwright-java-9265515946980495712\\package\\lib\\server\\progress.js:91:23)\n    at Frame.goto (C:\\Users\\dasun\\AppData\\Local\\Temp\\playwright-java-9265515946980495712\\package\\lib\\server\\frames.js:516:23)\n}\r\n\tat com.microsoft.playwright.impl.WaitableResult.get(WaitableResult.java:54)\r\n\tat com.microsoft.playwright.impl.ChannelOwner.runUntil(ChannelOwner.java:111)\r\n\tat com.microsoft.playwright.impl.Connection.sendMessage(Connection.java:126)\r\n\tat com.microsoft.playwright.impl.ChannelOwner.sendMessage(ChannelOwner.java:102)\r\n\tat com.microsoft.playwright.impl.FrameImpl.navigateImpl(FrameImpl.java:463)\r\n\tat com.microsoft.playwright.impl.PageImpl.lambda$navigate$45(PageImpl.java:827)\r\n\tat com.microsoft.playwright.impl.LoggingSupport.withLogging(LoggingSupport.java:47)\r\n\tat com.microsoft.playwright.impl.ChannelOwner.withLogging(ChannelOwner.java:87)\r\n\tat com.microsoft.playwright.impl.PageImpl.navigate(PageImpl.java:827)\r\n\tat com.microsoft.playwright.impl.PageImpl.navigate(PageImpl.java:42)\r\n\tat com.microsoft.playwright.Page.navigate(Page.java:5282)\r\n\tat pomTests.BlogTC.setUp(BlogTC.java:30)\r\n\tat java.base/jdk.internal.reflect.DirectMethodHandleAccessor.invoke(DirectMethodHandleAccessor.java:103)\r\n\tat java.base/java.lang.reflect.Method.invoke(Method.java:580)\r\n\tat org.testng.internal.MethodInvocationHelper.invokeMethod(MethodInvocationHelper.java:124)\r\n\tat org.testng.internal.MethodInvocationHelper.invokeMethodConsideringTimeout(MethodInvocationHelper.java:59)\r\n\tat org.testng.internal.Invoker.invokeConfigurationMethod(Invoker.java:455)\r\n\tat org.testng.internal.Invoker.invokeConfigurations(Invoker.java:222)\r\n\tat org.testng.internal.Invoker.invokeConfigurations(Invoker.java:142)\r\n\tat org.testng.internal.TestMethodWorker.invokeBeforeClassMethods(TestMethodWorker.java:168)\r\n\tat org.testng.internal.TestMethodWorker.run(TestMethodWorker.java:105)\r\n\tat org.testng.TestRunner.privateRun(TestRunner.java:648)\r\n\tat org.testng.TestRunner.run(TestRunner.java:505)\r\n\tat org.testng.SuiteRunner.runTest(SuiteRunner.java:455)\r\n\tat org.testng.SuiteRunner.runSequentially(SuiteRunner.java:450)\r\n\tat org.testng.SuiteRunner.privateRun(SuiteRunner.java:415)\r\n\tat org.testng.SuiteRunner.run(SuiteRunner.java:364)\r\n\tat org.testng.SuiteRunnerWorker.runSuite(SuiteRunnerWorker.java:52)\r\n\tat org.testng.SuiteRunnerWorker.run(SuiteRunnerWorker.java:84)\r\n\tat org.testng.TestNG.runSuitesSequentially(TestNG.java:1208)\r\n\tat org.testng.TestNG.runSuitesLocally(TestNG.java:1137)\r\n\tat org.testng.TestNG.runSuites(TestNG.java:1049)\r\n\tat org.testng.TestNG.run(TestNG.java:1017)\r\n\tat org.testng.remote.AbstractRemoteTestNG.run(AbstractRemoteTestNG.java:115)\r\n\tat org.testng.remote.RemoteTestNG.initAndRun(RemoteTestNG.java:293)\r\n\tat org.testng.remote.RemoteTestNG.main(RemoteTestNG.java:91)\r\nCaused by: com.microsoft.playwright.impl.DriverException: Error {\n  message='Page closed\n=========================== logs ===========================\nnavigating to \"https://ecommerce-playground.lambdatest.io/\", waiting until \"load\"\n============================================================\n  name='Error\n  stack='Error: Page closed\n=========================== logs ===========================\nnavigating to \"https://ecommerce-playground.lambdatest.io/\", waiting until \"load\"\n============================================================\n    at LongStandingScope._race (C:\\Users\\dasun\\AppData\\Local\\Temp\\playwright-java-9265515946980495712\\package\\lib\\utils\\manualPromise.js:96:51)\n    at LongStandingScope.race (C:\\Users\\dasun\\AppData\\Local\\Temp\\playwright-java-9265515946980495712\\package\\lib\\utils\\manualPromise.js:87:17)\n    at C:\\Users\\dasun\\AppData\\Local\\Temp\\playwright-java-9265515946980495712\\package\\lib\\utils\\manualPromise.js:84:43\n    at Array.map (<anonymous>)\n    at LongStandingScope.raceMultiple (C:\\Users\\dasun\\AppData\\Local\\Temp\\playwright-java-9265515946980495712\\package\\lib\\utils\\manualPromise.js:84:32)\n    at Frame.raceNavigationAction (C:\\Users\\dasun\\AppData\\Local\\Temp\\playwright-java-9265515946980495712\\package\\lib\\server\\frames.js:491:37)\n    at Frame._goto (C:\\Users\\dasun\\AppData\\Local\\Temp\\playwright-java-9265515946980495712\\package\\lib\\server\\frames.js:519:17)\n    at C:\\Users\\dasun\\AppData\\Local\\Temp\\playwright-java-9265515946980495712\\package\\lib\\server\\frames.js:516:44\n    at ProgressController.run (C:\\Users\\dasun\\AppData\\Local\\Temp\\playwright-java-9265515946980495712\\package\\lib\\server\\progress.js:91:23)\n    at Frame.goto (C:\\Users\\dasun\\AppData\\Local\\Temp\\playwright-java-9265515946980495712\\package\\lib\\server\\frames.js:516:23)\n}\r\n\tat com.microsoft.playwright.impl.Connection.dispatch(Connection.java:226)\r\n\tat com.microsoft.playwright.impl.Connection.processOneMessage(Connection.java:206)\r\n\tat com.microsoft.playwright.impl.ChannelOwner.runUntil(ChannelOwner.java:109)\r\n\t... 34 more\r\n"},"stage":"finished","steps":[],"attachments":[],"parameters":[],"start":1742914931970,"stop":1742914931971}