{"uuid":"681f4afe-54e0-4396-bf28-9b0f1cca7110","historyId":"b580da1611f55a5df6334401d93bb63f","fullName":"pomTests.MegaMenumApplePageTC.InitialValidations","labels":[{"name":"package","value":"pomTests.MegaMenumApplePageTC"},{"name":"testClass","value":"pomTests.MegaMenumApplePageTC"},{"name":"testMethod","value":"InitialValidations"},{"name":"parentSuite","value":"Default suite"},{"name":"suite","value":"Default test"},{"name":"subSuite","value":"pomTests.MegaMenumApplePageTC"},{"name":"host","value":"DESKTOP-TKCBKNG"},{"name":"thread","value":"18424@DESKTOP-TKCBKNG.main(1)"},{"name":"framework","value":"testng"},{"name":"language","value":"java"}],"links":[],"name":"InitialValidations","status":"broken","statusDetails":{"known":false,"muted":false,"flaky":false,"message":"Error {\n  message='Error: Element is not a <select> element\n=========================== logs ===========================\nwaiting for locator(\"xpath=//div[@id='entry_217820']\")\n  locator resolved to <div id=\"entry_217820\" class=\"entry-section container…>…</div>\n  selecting specified option(s)\n  Element is not a <select> element\n============================================================\n  name='Error\n  stack='Error: Error: Element is not a <select> element\n=========================== logs ===========================\nwaiting for locator(\"xpath=//div[@id='entry_217820']\")\n  locator resolved to <div id=\"entry_217820\" class=\"entry-section container…>…</div>\n  selecting specified option(s)\n  Element is not a <select> element\n============================================================\n    at CRExecutionContext.evaluateWithArguments (C:\\Users\\dasun\\AppData\\Local\\Temp\\playwright-java-4881444195586897386\\package\\lib\\server\\chromium\\crExecutionContext.js:92:33)\n    at async LongStandingScope._race (C:\\Users\\dasun\\AppData\\Local\\Temp\\playwright-java-4881444195586897386\\package\\lib\\utils\\manualPromise.js:98:14)\n    at async evaluateExpression (C:\\Users\\dasun\\AppData\\Local\\Temp\\playwright-java-4881444195586897386\\package\\lib\\server\\javascript.js:241:12)\n    at async InjectedScriptPollHandler.finish (C:\\Users\\dasun\\AppData\\Local\\Temp\\playwright-java-4881444195586897386\\package\\lib\\server\\dom.js:790:22)\n    at async ElementHandle.evaluatePoll (C:\\Users\\dasun\\AppData\\Local\\Temp\\playwright-java-4881444195586897386\\package\\lib\\server\\dom.js:144:14)\n    at async C:\\Users\\dasun\\AppData\\Local\\Temp\\playwright-java-4881444195586897386\\package\\lib\\server\\dom.js:461:22\n    at async FrameManager.waitForSignalsCreatedBy (C:\\Users\\dasun\\AppData\\Local\\Temp\\playwright-java-4881444195586897386\\package\\lib\\server\\frames.js:116:20)\n    at async C:\\Users\\dasun\\AppData\\Local\\Temp\\playwright-java-4881444195586897386\\package\\lib\\server\\frames.js:975:24\n    at async Frame.retryWithProgressAndTimeouts (C:\\Users\\dasun\\AppData\\Local\\Temp\\playwright-java-4881444195586897386\\package\\lib\\server\\frames.js:911:24)\n    at async C:\\Users\\dasun\\AppData\\Local\\Temp\\playwright-java-4881444195586897386\\package\\lib\\server\\frames.js:1152:14\n}","trace":"com.microsoft.playwright.PlaywrightException: Error {\n  message='Error: Element is not a <select> element\n=========================== logs ===========================\nwaiting for locator(\"xpath=//div[@id='entry_217820']\")\n  locator resolved to <div id=\"entry_217820\" class=\"entry-section container…>…</div>\n  selecting specified option(s)\n  Element is not a <select> element\n============================================================\n  name='Error\n  stack='Error: Error: Element is not a <select> element\n=========================== logs ===========================\nwaiting for locator(\"xpath=//div[@id='entry_217820']\")\n  locator resolved to <div id=\"entry_217820\" class=\"entry-section container…>…</div>\n  selecting specified option(s)\n  Element is not a <select> element\n============================================================\n    at CRExecutionContext.evaluateWithArguments (C:\\Users\\dasun\\AppData\\Local\\Temp\\playwright-java-4881444195586897386\\package\\lib\\server\\chromium\\crExecutionContext.js:92:33)\n    at async LongStandingScope._race (C:\\Users\\dasun\\AppData\\Local\\Temp\\playwright-java-4881444195586897386\\package\\lib\\utils\\manualPromise.js:98:14)\n    at async evaluateExpression (C:\\Users\\dasun\\AppData\\Local\\Temp\\playwright-java-4881444195586897386\\package\\lib\\server\\javascript.js:241:12)\n    at async InjectedScriptPollHandler.finish (C:\\Users\\dasun\\AppData\\Local\\Temp\\playwright-java-4881444195586897386\\package\\lib\\server\\dom.js:790:22)\n    at async ElementHandle.evaluatePoll (C:\\Users\\dasun\\AppData\\Local\\Temp\\playwright-java-4881444195586897386\\package\\lib\\server\\dom.js:144:14)\n    at async C:\\Users\\dasun\\AppData\\Local\\Temp\\playwright-java-4881444195586897386\\package\\lib\\server\\dom.js:461:22\n    at async FrameManager.waitForSignalsCreatedBy (C:\\Users\\dasun\\AppData\\Local\\Temp\\playwright-java-4881444195586897386\\package\\lib\\server\\frames.js:116:20)\n    at async C:\\Users\\dasun\\AppData\\Local\\Temp\\playwright-java-4881444195586897386\\package\\lib\\server\\frames.js:975:24\n    at async Frame.retryWithProgressAndTimeouts (C:\\Users\\dasun\\AppData\\Local\\Temp\\playwright-java-4881444195586897386\\package\\lib\\server\\frames.js:911:24)\n    at async C:\\Users\\dasun\\AppData\\Local\\Temp\\playwright-java-4881444195586897386\\package\\lib\\server\\frames.js:1152:14\n}\r\n\tat com.microsoft.playwright.impl.WaitableResult.get(WaitableResult.java:54)\r\n\tat com.microsoft.playwright.impl.ChannelOwner.runUntil(ChannelOwner.java:111)\r\n\tat com.microsoft.playwright.impl.Connection.sendMessage(Connection.java:126)\r\n\tat com.microsoft.playwright.impl.ChannelOwner.sendMessage(ChannelOwner.java:102)\r\n\tat com.microsoft.playwright.impl.FrameImpl.selectOption(FrameImpl.java:722)\r\n\tat com.microsoft.playwright.impl.FrameImpl.selectOptionImpl(FrameImpl.java:701)\r\n\tat com.microsoft.playwright.impl.FrameImpl.lambda$selectOption$2(FrameImpl.java:113)\r\n\tat com.microsoft.playwright.impl.LoggingSupport.withLogging(LoggingSupport.java:47)\r\n\tat com.microsoft.playwright.impl.ChannelOwner.withLogging(ChannelOwner.java:87)\r\n\tat com.microsoft.playwright.impl.FrameImpl.selectOption(FrameImpl.java:113)\r\n\tat com.microsoft.playwright.impl.FrameImpl.selectOption(FrameImpl.java:102)\r\n\tat com.microsoft.playwright.impl.LocatorImpl.selectOption(LocatorImpl.java:462)\r\n\tat com.microsoft.playwright.Locator.selectOption(Locator.java:4170)\r\n\tat com.lt.pages.MegaMenuPage.productOverview(MegaMenuPage.java:93)\r\n\tat pomTests.MegaMenumApplePageTC.InitialValidations(MegaMenumApplePageTC.java:59)\r\n\tat java.base/jdk.internal.reflect.DirectMethodHandleAccessor.invoke(DirectMethodHandleAccessor.java:103)\r\n\tat java.base/java.lang.reflect.Method.invoke(Method.java:580)\r\n\tat org.testng.internal.MethodInvocationHelper.invokeMethod(MethodInvocationHelper.java:124)\r\n\tat org.testng.internal.Invoker.invokeMethod(Invoker.java:580)\r\n\tat org.testng.internal.Invoker.invokeTestMethod(Invoker.java:716)\r\n\tat org.testng.internal.Invoker.invokeTestMethods(Invoker.java:988)\r\n\tat org.testng.internal.TestMethodWorker.invokeTestMethods(TestMethodWorker.java:125)\r\n\tat org.testng.internal.TestMethodWorker.run(TestMethodWorker.java:109)\r\n\tat org.testng.TestRunner.privateRun(TestRunner.java:648)\r\n\tat org.testng.TestRunner.run(TestRunner.java:505)\r\n\tat org.testng.SuiteRunner.runTest(SuiteRunner.java:455)\r\n\tat org.testng.SuiteRunner.runSequentially(SuiteRunner.java:450)\r\n\tat org.testng.SuiteRunner.privateRun(SuiteRunner.java:415)\r\n\tat org.testng.SuiteRunner.run(SuiteRunner.java:364)\r\n\tat org.testng.SuiteRunnerWorker.runSuite(SuiteRunnerWorker.java:52)\r\n\tat org.testng.SuiteRunnerWorker.run(SuiteRunnerWorker.java:84)\r\n\tat org.testng.TestNG.runSuitesSequentially(TestNG.java:1208)\r\n\tat org.testng.TestNG.runSuitesLocally(TestNG.java:1137)\r\n\tat org.testng.TestNG.runSuites(TestNG.java:1049)\r\n\tat org.testng.TestNG.run(TestNG.java:1017)\r\n\tat org.testng.remote.AbstractRemoteTestNG.run(AbstractRemoteTestNG.java:115)\r\n\tat org.testng.remote.RemoteTestNG.initAndRun(RemoteTestNG.java:293)\r\n\tat org.testng.remote.RemoteTestNG.main(RemoteTestNG.java:91)\r\nCaused by: com.microsoft.playwright.impl.DriverException: Error {\n  message='Error: Element is not a <select> element\n=========================== logs ===========================\nwaiting for locator(\"xpath=//div[@id='entry_217820']\")\n  locator resolved to <div id=\"entry_217820\" class=\"entry-section container…>…</div>\n  selecting specified option(s)\n  Element is not a <select> element\n============================================================\n  name='Error\n  stack='Error: Error: Element is not a <select> element\n=========================== logs ===========================\nwaiting for locator(\"xpath=//div[@id='entry_217820']\")\n  locator resolved to <div id=\"entry_217820\" class=\"entry-section container…>…</div>\n  selecting specified option(s)\n  Element is not a <select> element\n============================================================\n    at CRExecutionContext.evaluateWithArguments (C:\\Users\\dasun\\AppData\\Local\\Temp\\playwright-java-4881444195586897386\\package\\lib\\server\\chromium\\crExecutionContext.js:92:33)\n    at async LongStandingScope._race (C:\\Users\\dasun\\AppData\\Local\\Temp\\playwright-java-4881444195586897386\\package\\lib\\utils\\manualPromise.js:98:14)\n    at async evaluateExpression (C:\\Users\\dasun\\AppData\\Local\\Temp\\playwright-java-4881444195586897386\\package\\lib\\server\\javascript.js:241:12)\n    at async InjectedScriptPollHandler.finish (C:\\Users\\dasun\\AppData\\Local\\Temp\\playwright-java-4881444195586897386\\package\\lib\\server\\dom.js:790:22)\n    at async ElementHandle.evaluatePoll (C:\\Users\\dasun\\AppData\\Local\\Temp\\playwright-java-4881444195586897386\\package\\lib\\server\\dom.js:144:14)\n    at async C:\\Users\\dasun\\AppData\\Local\\Temp\\playwright-java-4881444195586897386\\package\\lib\\server\\dom.js:461:22\n    at async FrameManager.waitForSignalsCreatedBy (C:\\Users\\dasun\\AppData\\Local\\Temp\\playwright-java-4881444195586897386\\package\\lib\\server\\frames.js:116:20)\n    at async C:\\Users\\dasun\\AppData\\Local\\Temp\\playwright-java-4881444195586897386\\package\\lib\\server\\frames.js:975:24\n    at async Frame.retryWithProgressAndTimeouts (C:\\Users\\dasun\\AppData\\Local\\Temp\\playwright-java-4881444195586897386\\package\\lib\\server\\frames.js:911:24)\n    at async C:\\Users\\dasun\\AppData\\Local\\Temp\\playwright-java-4881444195586897386\\package\\lib\\server\\frames.js:1152:14\n}\r\n\tat com.microsoft.playwright.impl.Connection.dispatch(Connection.java:226)\r\n\tat com.microsoft.playwright.impl.Connection.processOneMessage(Connection.java:206)\r\n\tat com.microsoft.playwright.impl.ChannelOwner.runUntil(ChannelOwner.java:109)\r\n\t... 36 more\r\n"},"stage":"finished","steps":[],"attachments":[],"parameters":[],"start":1741802674740,"stop":1741802679445}