{"uuid":"8d0110c9-8dc8-4e1d-8154-d2d2742f15e7","historyId":"7b0272256f9488d03eedd4f0fb7a380d","fullName":"pomTests.ModulesPageTC.WriteReviewSection","labels":[{"name":"package","value":"pomTests.ModulesPageTC"},{"name":"testClass","value":"pomTests.ModulesPageTC"},{"name":"testMethod","value":"WriteReviewSection"},{"name":"parentSuite","value":"Default suite"},{"name":"suite","value":"Default test"},{"name":"subSuite","value":"pomTests.ModulesPageTC"},{"name":"host","value":"DESKTOP-TKCBKNG"},{"name":"thread","value":"9464@DESKTOP-TKCBKNG.main(1)"},{"name":"framework","value":"testng"},{"name":"language","value":"java"}],"links":[],"name":"WriteReviewSection","status":"broken","statusDetails":{"known":false,"muted":false,"flaky":false,"message":"Error {\n  message='DOMException: Failed to execute 'evaluate' on 'Document': The string '//*[@id=\\\"form-review\\\"]/div[1]/span/label[3]' is not a valid XPath expression.\n    at Object.queryAll (<anonymous>:23:25)\n    at InjectedScript._queryEngineAll (<anonymous>:4761:49)\n    at InjectedScript.querySelectorAll (<anonymous>:4748:30)\n    at InjectedScript.querySelector (<anonymous>:4687:25)\n    at eval (eval at evaluate (:216:30), <anonymous>:9:36)\n    at UtilityScript.evaluate (<anonymous>:218:17)\n    at UtilityScript.<anonymous> (<anonymous>:1:44)\n=========================== logs ===========================\nwaiting for locator(\"xpath=//*[@id=\\\\\\\"form-review\\\\\\\"]/div[1]/span/label[3]\")\n============================================================\n  name='Error\n  stack='Error: DOMException: Failed to execute 'evaluate' on 'Document': The string '//*[@id=\\\"form-review\\\"]/div[1]/span/label[3]' is not a valid XPath expression.\n    at Object.queryAll (<anonymous>:23:25)\n    at InjectedScript._queryEngineAll (<anonymous>:4761:49)\n    at InjectedScript.querySelectorAll (<anonymous>:4748:30)\n    at InjectedScript.querySelector (<anonymous>:4687:25)\n    at eval (eval at evaluate (:216:30), <anonymous>:9:36)\n    at UtilityScript.evaluate (<anonymous>:218:17)\n    at UtilityScript.<anonymous> (<anonymous>:1:44)\n=========================== logs ===========================\nwaiting for locator(\"xpath=//*[@id=\\\\\\\"form-review\\\\\\\"]/div[1]/span/label[3]\")\n============================================================\n    at Object.queryAll (<anonymous>:23:25)\n    at InjectedScript._queryEngineAll (<anonymous>:4761:49)\n    at InjectedScript.querySelectorAll (<anonymous>:4748:30)\n    at InjectedScript.querySelector (<anonymous>:4687:25)\n    at eval (eval at evaluate (:216:30), <anonymous>:9:36)\n    at UtilityScript.evaluate (<anonymous>:218:17)\n    at UtilityScript.<anonymous> (<anonymous>:1:44)\n    at CRExecutionContext.evaluateWithArguments (C:\\Users\\dasun\\AppData\\Local\\Temp\\playwright-java-3711614253149341745\\package\\lib\\server\\chromium\\crExecutionContext.js:92:33)\n    at async LongStandingScope._race (C:\\Users\\dasun\\AppData\\Local\\Temp\\playwright-java-3711614253149341745\\package\\lib\\utils\\manualPromise.js:98:14)\n    at async evaluateExpression (C:\\Users\\dasun\\AppData\\Local\\Temp\\playwright-java-3711614253149341745\\package\\lib\\server\\javascript.js:241:12)\n    at async C:\\Users\\dasun\\AppData\\Local\\Temp\\playwright-java-3711614253149341745\\package\\lib\\server\\frames.js:1407:13\n    at async Frame.retryWithProgressAndTimeouts (C:\\Users\\dasun\\AppData\\Local\\Temp\\playwright-java-3711614253149341745\\package\\lib\\server\\frames.js:911:24)\n    at async ProgressController.run (C:\\Users\\dasun\\AppData\\Local\\Temp\\playwright-java-3711614253149341745\\package\\lib\\server\\progress.js:92:22)\n    at async Frame._elementState (C:\\Users\\dasun\\AppData\\Local\\Temp\\playwright-java-3711614253149341745\\package\\lib\\server\\frames.js:1099:20)\n    at async FrameDispatcher.isChecked (C:\\Users\\dasun\\AppData\\Local\\Temp\\playwright-java-3711614253149341745\\package\\lib\\server\\dispatchers\\frameDispatcher.js:204:14)\n    at async DispatcherConnection.dispatch (C:\\Users\\dasun\\AppData\\Local\\Temp\\playwright-java-3711614253149341745\\package\\lib\\server\\dispatchers\\dispatcher.js:313:22)\n}","trace":"com.microsoft.playwright.PlaywrightException: Error {\n  message='DOMException: Failed to execute 'evaluate' on 'Document': The string '//*[@id=\\\"form-review\\\"]/div[1]/span/label[3]' is not a valid XPath expression.\n    at Object.queryAll (<anonymous>:23:25)\n    at InjectedScript._queryEngineAll (<anonymous>:4761:49)\n    at InjectedScript.querySelectorAll (<anonymous>:4748:30)\n    at InjectedScript.querySelector (<anonymous>:4687:25)\n    at eval (eval at evaluate (:216:30), <anonymous>:9:36)\n    at UtilityScript.evaluate (<anonymous>:218:17)\n    at UtilityScript.<anonymous> (<anonymous>:1:44)\n=========================== logs ===========================\nwaiting for locator(\"xpath=//*[@id=\\\\\\\"form-review\\\\\\\"]/div[1]/span/label[3]\")\n============================================================\n  name='Error\n  stack='Error: DOMException: Failed to execute 'evaluate' on 'Document': The string '//*[@id=\\\"form-review\\\"]/div[1]/span/label[3]' is not a valid XPath expression.\n    at Object.queryAll (<anonymous>:23:25)\n    at InjectedScript._queryEngineAll (<anonymous>:4761:49)\n    at InjectedScript.querySelectorAll (<anonymous>:4748:30)\n    at InjectedScript.querySelector (<anonymous>:4687:25)\n    at eval (eval at evaluate (:216:30), <anonymous>:9:36)\n    at UtilityScript.evaluate (<anonymous>:218:17)\n    at UtilityScript.<anonymous> (<anonymous>:1:44)\n=========================== logs ===========================\nwaiting for locator(\"xpath=//*[@id=\\\\\\\"form-review\\\\\\\"]/div[1]/span/label[3]\")\n============================================================\n    at Object.queryAll (<anonymous>:23:25)\n    at InjectedScript._queryEngineAll (<anonymous>:4761:49)\n    at InjectedScript.querySelectorAll (<anonymous>:4748:30)\n    at InjectedScript.querySelector (<anonymous>:4687:25)\n    at eval (eval at evaluate (:216:30), <anonymous>:9:36)\n    at UtilityScript.evaluate (<anonymous>:218:17)\n    at UtilityScript.<anonymous> (<anonymous>:1:44)\n    at CRExecutionContext.evaluateWithArguments (C:\\Users\\dasun\\AppData\\Local\\Temp\\playwright-java-3711614253149341745\\package\\lib\\server\\chromium\\crExecutionContext.js:92:33)\n    at async LongStandingScope._race (C:\\Users\\dasun\\AppData\\Local\\Temp\\playwright-java-3711614253149341745\\package\\lib\\utils\\manualPromise.js:98:14)\n    at async evaluateExpression (C:\\Users\\dasun\\AppData\\Local\\Temp\\playwright-java-3711614253149341745\\package\\lib\\server\\javascript.js:241:12)\n    at async C:\\Users\\dasun\\AppData\\Local\\Temp\\playwright-java-3711614253149341745\\package\\lib\\server\\frames.js:1407:13\n    at async Frame.retryWithProgressAndTimeouts (C:\\Users\\dasun\\AppData\\Local\\Temp\\playwright-java-3711614253149341745\\package\\lib\\server\\frames.js:911:24)\n    at async ProgressController.run (C:\\Users\\dasun\\AppData\\Local\\Temp\\playwright-java-3711614253149341745\\package\\lib\\server\\progress.js:92:22)\n    at async Frame._elementState (C:\\Users\\dasun\\AppData\\Local\\Temp\\playwright-java-3711614253149341745\\package\\lib\\server\\frames.js:1099:20)\n    at async FrameDispatcher.isChecked (C:\\Users\\dasun\\AppData\\Local\\Temp\\playwright-java-3711614253149341745\\package\\lib\\server\\dispatchers\\frameDispatcher.js:204:14)\n    at async DispatcherConnection.dispatch (C:\\Users\\dasun\\AppData\\Local\\Temp\\playwright-java-3711614253149341745\\package\\lib\\server\\dispatchers\\dispatcher.js:313:22)\n}\r\n\tat com.microsoft.playwright.impl.WaitableResult.get(WaitableResult.java:54)\r\n\tat com.microsoft.playwright.impl.ChannelOwner.runUntil(ChannelOwner.java:111)\r\n\tat com.microsoft.playwright.impl.Connection.sendMessage(Connection.java:126)\r\n\tat com.microsoft.playwright.impl.ChannelOwner.sendMessage(ChannelOwner.java:102)\r\n\tat com.microsoft.playwright.impl.FrameImpl.isCheckedImpl(FrameImpl.java:556)\r\n\tat com.microsoft.playwright.impl.FrameImpl.lambda$isChecked$24(FrameImpl.java:547)\r\n\tat com.microsoft.playwright.impl.LoggingSupport.withLogging(LoggingSupport.java:47)\r\n\tat com.microsoft.playwright.impl.ChannelOwner.withLogging(ChannelOwner.java:87)\r\n\tat com.microsoft.playwright.impl.FrameImpl.isChecked(FrameImpl.java:547)\r\n\tat com.microsoft.playwright.impl.LocatorImpl.isChecked(LocatorImpl.java:351)\r\n\tat com.microsoft.playwright.Locator.isChecked(Locator.java:3698)\r\n\tat com.lt.pages.ProductOverviewPage.reviewSection(ProductOverviewPage.java:233)\r\n\tat pomTests.ModulesPageTC.WriteReviewSection(ModulesPageTC.java:78)\r\n\tat java.base/jdk.internal.reflect.DirectMethodHandleAccessor.invoke(DirectMethodHandleAccessor.java:103)\r\n\tat java.base/java.lang.reflect.Method.invoke(Method.java:580)\r\n\tat org.testng.internal.MethodInvocationHelper.invokeMethod(MethodInvocationHelper.java:124)\r\n\tat org.testng.internal.Invoker.invokeMethod(Invoker.java:580)\r\n\tat org.testng.internal.Invoker.invokeTestMethod(Invoker.java:716)\r\n\tat org.testng.internal.Invoker.invokeTestMethods(Invoker.java:988)\r\n\tat org.testng.internal.TestMethodWorker.invokeTestMethods(TestMethodWorker.java:125)\r\n\tat org.testng.internal.TestMethodWorker.run(TestMethodWorker.java:109)\r\n\tat org.testng.TestRunner.privateRun(TestRunner.java:648)\r\n\tat org.testng.TestRunner.run(TestRunner.java:505)\r\n\tat org.testng.SuiteRunner.runTest(SuiteRunner.java:455)\r\n\tat org.testng.SuiteRunner.runSequentially(SuiteRunner.java:450)\r\n\tat org.testng.SuiteRunner.privateRun(SuiteRunner.java:415)\r\n\tat org.testng.SuiteRunner.run(SuiteRunner.java:364)\r\n\tat org.testng.SuiteRunnerWorker.runSuite(SuiteRunnerWorker.java:52)\r\n\tat org.testng.SuiteRunnerWorker.run(SuiteRunnerWorker.java:84)\r\n\tat org.testng.TestNG.runSuitesSequentially(TestNG.java:1208)\r\n\tat org.testng.TestNG.runSuitesLocally(TestNG.java:1137)\r\n\tat org.testng.TestNG.runSuites(TestNG.java:1049)\r\n\tat org.testng.TestNG.run(TestNG.java:1017)\r\n\tat org.testng.remote.AbstractRemoteTestNG.run(AbstractRemoteTestNG.java:115)\r\n\tat org.testng.remote.RemoteTestNG.initAndRun(RemoteTestNG.java:293)\r\n\tat org.testng.remote.RemoteTestNG.main(RemoteTestNG.java:91)\r\nCaused by: com.microsoft.playwright.impl.DriverException: Error {\n  message='DOMException: Failed to execute 'evaluate' on 'Document': The string '//*[@id=\\\"form-review\\\"]/div[1]/span/label[3]' is not a valid XPath expression.\n    at Object.queryAll (<anonymous>:23:25)\n    at InjectedScript._queryEngineAll (<anonymous>:4761:49)\n    at InjectedScript.querySelectorAll (<anonymous>:4748:30)\n    at InjectedScript.querySelector (<anonymous>:4687:25)\n    at eval (eval at evaluate (:216:30), <anonymous>:9:36)\n    at UtilityScript.evaluate (<anonymous>:218:17)\n    at UtilityScript.<anonymous> (<anonymous>:1:44)\n=========================== logs ===========================\nwaiting for locator(\"xpath=//*[@id=\\\\\\\"form-review\\\\\\\"]/div[1]/span/label[3]\")\n============================================================\n  name='Error\n  stack='Error: DOMException: Failed to execute 'evaluate' on 'Document': The string '//*[@id=\\\"form-review\\\"]/div[1]/span/label[3]' is not a valid XPath expression.\n    at Object.queryAll (<anonymous>:23:25)\n    at InjectedScript._queryEngineAll (<anonymous>:4761:49)\n    at InjectedScript.querySelectorAll (<anonymous>:4748:30)\n    at InjectedScript.querySelector (<anonymous>:4687:25)\n    at eval (eval at evaluate (:216:30), <anonymous>:9:36)\n    at UtilityScript.evaluate (<anonymous>:218:17)\n    at UtilityScript.<anonymous> (<anonymous>:1:44)\n=========================== logs ===========================\nwaiting for locator(\"xpath=//*[@id=\\\\\\\"form-review\\\\\\\"]/div[1]/span/label[3]\")\n============================================================\n    at Object.queryAll (<anonymous>:23:25)\n    at InjectedScript._queryEngineAll (<anonymous>:4761:49)\n    at InjectedScript.querySelectorAll (<anonymous>:4748:30)\n    at InjectedScript.querySelector (<anonymous>:4687:25)\n    at eval (eval at evaluate (:216:30), <anonymous>:9:36)\n    at UtilityScript.evaluate (<anonymous>:218:17)\n    at UtilityScript.<anonymous> (<anonymous>:1:44)\n    at CRExecutionContext.evaluateWithArguments (C:\\Users\\dasun\\AppData\\Local\\Temp\\playwright-java-3711614253149341745\\package\\lib\\server\\chromium\\crExecutionContext.js:92:33)\n    at async LongStandingScope._race (C:\\Users\\dasun\\AppData\\Local\\Temp\\playwright-java-3711614253149341745\\package\\lib\\utils\\manualPromise.js:98:14)\n    at async evaluateExpression (C:\\Users\\dasun\\AppData\\Local\\Temp\\playwright-java-3711614253149341745\\package\\lib\\server\\javascript.js:241:12)\n    at async C:\\Users\\dasun\\AppData\\Local\\Temp\\playwright-java-3711614253149341745\\package\\lib\\server\\frames.js:1407:13\n    at async Frame.retryWithProgressAndTimeouts (C:\\Users\\dasun\\AppData\\Local\\Temp\\playwright-java-3711614253149341745\\package\\lib\\server\\frames.js:911:24)\n    at async ProgressController.run (C:\\Users\\dasun\\AppData\\Local\\Temp\\playwright-java-3711614253149341745\\package\\lib\\server\\progress.js:92:22)\n    at async Frame._elementState (C:\\Users\\dasun\\AppData\\Local\\Temp\\playwright-java-3711614253149341745\\package\\lib\\server\\frames.js:1099:20)\n    at async FrameDispatcher.isChecked (C:\\Users\\dasun\\AppData\\Local\\Temp\\playwright-java-3711614253149341745\\package\\lib\\server\\dispatchers\\frameDispatcher.js:204:14)\n    at async DispatcherConnection.dispatch (C:\\Users\\dasun\\AppData\\Local\\Temp\\playwright-java-3711614253149341745\\package\\lib\\server\\dispatchers\\dispatcher.js:313:22)\n}\r\n\tat com.microsoft.playwright.impl.Connection.dispatch(Connection.java:226)\r\n\tat com.microsoft.playwright.impl.Connection.processOneMessage(Connection.java:206)\r\n\tat com.microsoft.playwright.impl.ChannelOwner.runUntil(ChannelOwner.java:109)\r\n\t... 34 more\r\n"},"stage":"finished","steps":[],"attachments":[],"parameters":[],"start":1741112311614,"stop":1741112311667}