{"uuid":"c639d2dd-9d7e-4c90-beee-9ad459406b52","historyId":"b580da1611f55a5df6334401d93bb63f","fullName":"pomTests.MegaMenumApplePageTC.InitialValidations","labels":[{"name":"package","value":"pomTests.MegaMenumApplePageTC"},{"name":"testClass","value":"pomTests.MegaMenumApplePageTC"},{"name":"testMethod","value":"InitialValidations"},{"name":"parentSuite","value":"Default suite"},{"name":"suite","value":"Default test"},{"name":"subSuite","value":"pomTests.MegaMenumApplePageTC"},{"name":"host","value":"DESKTOP-TKCBKNG"},{"name":"thread","value":"21328@DESKTOP-TKCBKNG.main(1)"},{"name":"framework","value":"testng"},{"name":"language","value":"java"}],"links":[],"name":"InitialValidations","status":"broken","statusDetails":{"known":false,"muted":false,"flaky":false,"message":"Error {\n  message='Error: Not a checkbox or radio button\n=========================== logs ===========================\nwaiting for locator(\"#mz-filter-panel-0-1 > div > input\")\n  locator resolved to <input value=\"\" type=\"text\" name=\"mz_fq\" aria-label=\"Se…/>\n============================================================\n  name='Error\n  stack='Error: Error: Not a checkbox or radio button\n=========================== logs ===========================\nwaiting for locator(\"#mz-filter-panel-0-1 > div > input\")\n  locator resolved to <input value=\"\" type=\"text\" name=\"mz_fq\" aria-label=\"Se…/>\n============================================================\n    at CRExecutionContext.evaluateWithArguments (C:\\Users\\dasun\\AppData\\Local\\Temp\\playwright-java-6086160853069690000\\package\\lib\\server\\chromium\\crExecutionContext.js:92:33)\n    at async LongStandingScope._race (C:\\Users\\dasun\\AppData\\Local\\Temp\\playwright-java-6086160853069690000\\package\\lib\\utils\\manualPromise.js:98:14)\n    at async evaluateExpression (C:\\Users\\dasun\\AppData\\Local\\Temp\\playwright-java-6086160853069690000\\package\\lib\\server\\javascript.js:241:12)\n    at async ElementHandle.evaluateInUtility (C:\\Users\\dasun\\AppData\\Local\\Temp\\playwright-java-6086160853069690000\\package\\lib\\server\\dom.js:124:14)\n    at async isChecked (C:\\Users\\dasun\\AppData\\Local\\Temp\\playwright-java-6086160853069690000\\package\\lib\\server\\dom.js:623:22)\n    at async ElementHandle._setChecked (C:\\Users\\dasun\\AppData\\Local\\Temp\\playwright-java-6086160853069690000\\package\\lib\\server\\dom.js:626:10)\n    at async C:\\Users\\dasun\\AppData\\Local\\Temp\\playwright-java-6086160853069690000\\package\\lib\\server\\frames.js:975:24\n    at async Frame.retryWithProgressAndTimeouts (C:\\Users\\dasun\\AppData\\Local\\Temp\\playwright-java-6086160853069690000\\package\\lib\\server\\frames.js:911:24)\n    at async C:\\Users\\dasun\\AppData\\Local\\Temp\\playwright-java-6086160853069690000\\package\\lib\\server\\frames.js:1176:29\n    at async ProgressController.run (C:\\Users\\dasun\\AppData\\Local\\Temp\\playwright-java-6086160853069690000\\package\\lib\\server\\progress.js:92:22)\n}","trace":"com.microsoft.playwright.PlaywrightException: Error {\n  message='Error: Not a checkbox or radio button\n=========================== logs ===========================\nwaiting for locator(\"#mz-filter-panel-0-1 > div > input\")\n  locator resolved to <input value=\"\" type=\"text\" name=\"mz_fq\" aria-label=\"Se…/>\n============================================================\n  name='Error\n  stack='Error: Error: Not a checkbox or radio button\n=========================== logs ===========================\nwaiting for locator(\"#mz-filter-panel-0-1 > div > input\")\n  locator resolved to <input value=\"\" type=\"text\" name=\"mz_fq\" aria-label=\"Se…/>\n============================================================\n    at CRExecutionContext.evaluateWithArguments (C:\\Users\\dasun\\AppData\\Local\\Temp\\playwright-java-6086160853069690000\\package\\lib\\server\\chromium\\crExecutionContext.js:92:33)\n    at async LongStandingScope._race (C:\\Users\\dasun\\AppData\\Local\\Temp\\playwright-java-6086160853069690000\\package\\lib\\utils\\manualPromise.js:98:14)\n    at async evaluateExpression (C:\\Users\\dasun\\AppData\\Local\\Temp\\playwright-java-6086160853069690000\\package\\lib\\server\\javascript.js:241:12)\n    at async ElementHandle.evaluateInUtility (C:\\Users\\dasun\\AppData\\Local\\Temp\\playwright-java-6086160853069690000\\package\\lib\\server\\dom.js:124:14)\n    at async isChecked (C:\\Users\\dasun\\AppData\\Local\\Temp\\playwright-java-6086160853069690000\\package\\lib\\server\\dom.js:623:22)\n    at async ElementHandle._setChecked (C:\\Users\\dasun\\AppData\\Local\\Temp\\playwright-java-6086160853069690000\\package\\lib\\server\\dom.js:626:10)\n    at async C:\\Users\\dasun\\AppData\\Local\\Temp\\playwright-java-6086160853069690000\\package\\lib\\server\\frames.js:975:24\n    at async Frame.retryWithProgressAndTimeouts (C:\\Users\\dasun\\AppData\\Local\\Temp\\playwright-java-6086160853069690000\\package\\lib\\server\\frames.js:911:24)\n    at async C:\\Users\\dasun\\AppData\\Local\\Temp\\playwright-java-6086160853069690000\\package\\lib\\server\\frames.js:1176:29\n    at async ProgressController.run (C:\\Users\\dasun\\AppData\\Local\\Temp\\playwright-java-6086160853069690000\\package\\lib\\server\\progress.js:92:22)\n}\r\n\tat com.microsoft.playwright.impl.WaitableResult.get(WaitableResult.java:54)\r\n\tat com.microsoft.playwright.impl.ChannelOwner.runUntil(ChannelOwner.java:111)\r\n\tat com.microsoft.playwright.impl.Connection.sendMessage(Connection.java:126)\r\n\tat com.microsoft.playwright.impl.ChannelOwner.sendMessage(ChannelOwner.java:102)\r\n\tat com.microsoft.playwright.impl.FrameImpl.checkImpl(FrameImpl.java:233)\r\n\tat com.microsoft.playwright.impl.FrameImpl.lambda$check$7(FrameImpl.java:224)\r\n\tat com.microsoft.playwright.impl.LoggingSupport.lambda$withLogging$0(LoggingSupport.java:36)\r\n\tat com.microsoft.playwright.impl.LoggingSupport.withLogging(LoggingSupport.java:47)\r\n\tat com.microsoft.playwright.impl.ChannelOwner.withLogging(ChannelOwner.java:87)\r\n\tat com.microsoft.playwright.impl.LoggingSupport.withLogging(LoggingSupport.java:35)\r\n\tat com.microsoft.playwright.impl.FrameImpl.check(FrameImpl.java:224)\r\n\tat com.microsoft.playwright.impl.LocatorImpl.check(LocatorImpl.java:127)\r\n\tat com.microsoft.playwright.Locator.check(Locator.java:2228)\r\n\tat com.lt.pages.MegaMenuPage.productOverview(MegaMenuPage.java:142)\r\n\tat pomTests.MegaMenumApplePageTC.InitialValidations(MegaMenumApplePageTC.java:59)\r\n\tat java.base/jdk.internal.reflect.DirectMethodHandleAccessor.invoke(DirectMethodHandleAccessor.java:103)\r\n\tat java.base/java.lang.reflect.Method.invoke(Method.java:580)\r\n\tat org.testng.internal.MethodInvocationHelper.invokeMethod(MethodInvocationHelper.java:124)\r\n\tat org.testng.internal.Invoker.invokeMethod(Invoker.java:580)\r\n\tat org.testng.internal.Invoker.invokeTestMethod(Invoker.java:716)\r\n\tat org.testng.internal.Invoker.invokeTestMethods(Invoker.java:988)\r\n\tat org.testng.internal.TestMethodWorker.invokeTestMethods(TestMethodWorker.java:125)\r\n\tat org.testng.internal.TestMethodWorker.run(TestMethodWorker.java:109)\r\n\tat org.testng.TestRunner.privateRun(TestRunner.java:648)\r\n\tat org.testng.TestRunner.run(TestRunner.java:505)\r\n\tat org.testng.SuiteRunner.runTest(SuiteRunner.java:455)\r\n\tat org.testng.SuiteRunner.runSequentially(SuiteRunner.java:450)\r\n\tat org.testng.SuiteRunner.privateRun(SuiteRunner.java:415)\r\n\tat org.testng.SuiteRunner.run(SuiteRunner.java:364)\r\n\tat org.testng.SuiteRunnerWorker.runSuite(SuiteRunnerWorker.java:52)\r\n\tat org.testng.SuiteRunnerWorker.run(SuiteRunnerWorker.java:84)\r\n\tat org.testng.TestNG.runSuitesSequentially(TestNG.java:1208)\r\n\tat org.testng.TestNG.runSuitesLocally(TestNG.java:1137)\r\n\tat org.testng.TestNG.runSuites(TestNG.java:1049)\r\n\tat org.testng.TestNG.run(TestNG.java:1017)\r\n\tat org.testng.remote.AbstractRemoteTestNG.run(AbstractRemoteTestNG.java:115)\r\n\tat org.testng.remote.RemoteTestNG.initAndRun(RemoteTestNG.java:293)\r\n\tat org.testng.remote.RemoteTestNG.main(RemoteTestNG.java:91)\r\nCaused by: com.microsoft.playwright.impl.DriverException: Error {\n  message='Error: Not a checkbox or radio button\n=========================== logs ===========================\nwaiting for locator(\"#mz-filter-panel-0-1 > div > input\")\n  locator resolved to <input value=\"\" type=\"text\" name=\"mz_fq\" aria-label=\"Se…/>\n============================================================\n  name='Error\n  stack='Error: Error: Not a checkbox or radio button\n=========================== logs ===========================\nwaiting for locator(\"#mz-filter-panel-0-1 > div > input\")\n  locator resolved to <input value=\"\" type=\"text\" name=\"mz_fq\" aria-label=\"Se…/>\n============================================================\n    at CRExecutionContext.evaluateWithArguments (C:\\Users\\dasun\\AppData\\Local\\Temp\\playwright-java-6086160853069690000\\package\\lib\\server\\chromium\\crExecutionContext.js:92:33)\n    at async LongStandingScope._race (C:\\Users\\dasun\\AppData\\Local\\Temp\\playwright-java-6086160853069690000\\package\\lib\\utils\\manualPromise.js:98:14)\n    at async evaluateExpression (C:\\Users\\dasun\\AppData\\Local\\Temp\\playwright-java-6086160853069690000\\package\\lib\\server\\javascript.js:241:12)\n    at async ElementHandle.evaluateInUtility (C:\\Users\\dasun\\AppData\\Local\\Temp\\playwright-java-6086160853069690000\\package\\lib\\server\\dom.js:124:14)\n    at async isChecked (C:\\Users\\dasun\\AppData\\Local\\Temp\\playwright-java-6086160853069690000\\package\\lib\\server\\dom.js:623:22)\n    at async ElementHandle._setChecked (C:\\Users\\dasun\\AppData\\Local\\Temp\\playwright-java-6086160853069690000\\package\\lib\\server\\dom.js:626:10)\n    at async C:\\Users\\dasun\\AppData\\Local\\Temp\\playwright-java-6086160853069690000\\package\\lib\\server\\frames.js:975:24\n    at async Frame.retryWithProgressAndTimeouts (C:\\Users\\dasun\\AppData\\Local\\Temp\\playwright-java-6086160853069690000\\package\\lib\\server\\frames.js:911:24)\n    at async C:\\Users\\dasun\\AppData\\Local\\Temp\\playwright-java-6086160853069690000\\package\\lib\\server\\frames.js:1176:29\n    at async ProgressController.run (C:\\Users\\dasun\\AppData\\Local\\Temp\\playwright-java-6086160853069690000\\package\\lib\\server\\progress.js:92:22)\n}\r\n\tat com.microsoft.playwright.impl.Connection.dispatch(Connection.java:226)\r\n\tat com.microsoft.playwright.impl.Connection.processOneMessage(Connection.java:206)\r\n\tat com.microsoft.playwright.impl.ChannelOwner.runUntil(ChannelOwner.java:109)\r\n\t... 36 more\r\n"},"stage":"finished","steps":[],"attachments":[],"parameters":[],"start":1741931898016,"stop":1741931914632}