<?xml version="1.0" encoding="UTF-8"?>
<testng-results ignored="0" total="5" passed="4" failed="1" skipped="0">
  <reporter-output>
  </reporter-output>
  <suite started-at="2025-04-18T23:16:33 IST" name="Default suite" finished-at="2025-04-18T23:17:23 IST" duration-ms="49433">
    <groups>
    </groups>
    <test started-at="2025-04-18T23:16:33 IST" name="Default test" finished-at="2025-04-18T23:17:23 IST" duration-ms="49433">
      <class name="pomTests.HomePageTC">
        <test-method is-config="true" signature="setUp()[pri:0, instance:pomTests.HomePageTC@5876a9af]" started-at="2025-04-18T23:16:33 IST" name="setUp" finished-at="2025-04-18T23:16:50 IST" duration-ms="16583" status="PASS">
          <reporter-output>
          </reporter-output>
        </test-method> <!-- setUp -->
        <test-method signature="openHomePage()[pri:1, instance:pomTests.HomePageTC@5876a9af]" started-at="2025-04-18T23:16:50 IST" name="openHomePage" description="Get The titile of Home Page" finished-at="2025-04-18T23:16:51 IST" duration-ms="816" status="PASS">
          <reporter-output>
          </reporter-output>
        </test-method> <!-- openHomePage -->
        <test-method signature="SearchBarActions()[pri:2, instance:pomTests.HomePageTC@5876a9af]" started-at="2025-04-18T23:16:51 IST" name="SearchBarActions" description="Search Bar actions" finished-at="2025-04-18T23:17:05 IST" duration-ms="14383" status="PASS">
          <reporter-output>
          </reporter-output>
        </test-method> <!-- SearchBarActions -->
        <test-method signature="ProductCompare()[pri:3, instance:pomTests.HomePageTC@5876a9af]" started-at="2025-04-18T23:17:05 IST" name="ProductCompare" description="Compare products" finished-at="2025-04-18T23:17:16 IST" duration-ms="11414" status="PASS">
          <reporter-output>
          </reporter-output>
        </test-method> <!-- ProductCompare -->
        <test-method signature="BannerImageOpenNewTab()[pri:4, instance:pomTests.HomePageTC@5876a9af]" started-at="2025-04-18T23:17:16 IST" name="BannerImageOpenNewTab" description="Banner options" finished-at="2025-04-18T23:17:20 IST" duration-ms="3097" status="PASS">
          <reporter-output>
          </reporter-output>
        </test-method> <!-- BannerImageOpenNewTab -->
        <test-method signature="TwoImages()[pri:5, instance:pomTests.HomePageTC@5876a9af]" started-at="2025-04-18T23:17:20 IST" name="TwoImages" description="Two images upper top trending catagories" finished-at="2025-04-18T23:17:22 IST" duration-ms="2667" status="FAIL">
          <exception class="java.lang.AssertionError">
            <message>
              <![CDATA[expected [middle-banner-1-580x234.webp (580×234)] but found [Your Store]]]>
            </message>
            <full-stacktrace>
              <![CDATA[java.lang.AssertionError: expected [middle-banner-1-580x234.webp (580×234)] but found [Your Store]
at org.testng.Assert.fail(Assert.java:99)
at org.testng.Assert.failNotEquals(Assert.java:1037)
at org.testng.Assert.assertEqualsImpl(Assert.java:140)
at org.testng.Assert.assertEquals(Assert.java:122)
at org.testng.Assert.assertEquals(Assert.java:629)
at org.testng.Assert.assertEquals(Assert.java:639)
at com.lt.pages.HomePage.BannerImages(HomePage.java:200)
at pomTests.HomePageTC.TwoImages(HomePageTC.java:89)
at java.base/jdk.internal.reflect.DirectMethodHandleAccessor.invoke(DirectMethodHandleAccessor.java:103)
at java.base/java.lang.reflect.Method.invoke(Method.java:580)
at org.testng.internal.MethodInvocationHelper.invokeMethod(MethodInvocationHelper.java:133)
at org.testng.internal.TestInvoker.invokeMethod(TestInvoker.java:598)
at org.testng.internal.TestInvoker.invokeTestMethod(TestInvoker.java:173)
at org.testng.internal.MethodRunner.runInSequence(MethodRunner.java:46)
at org.testng.internal.TestInvoker$MethodInvocationAgent.invoke(TestInvoker.java:824)
at org.testng.internal.TestInvoker.invokeTestMethods(TestInvoker.java:146)
at org.testng.internal.TestMethodWorker.invokeTestMethods(TestMethodWorker.java:146)
at org.testng.internal.TestMethodWorker.run(TestMethodWorker.java:128)
at java.base/java.util.ArrayList.forEach(ArrayList.java:1597)
at org.testng.TestRunner.privateRun(TestRunner.java:794)
at org.testng.TestRunner.run(TestRunner.java:596)
at org.testng.SuiteRunner.runTest(SuiteRunner.java:377)
at org.testng.SuiteRunner.runSequentially(SuiteRunner.java:371)
at org.testng.SuiteRunner.privateRun(SuiteRunner.java:332)
at org.testng.SuiteRunner.run(SuiteRunner.java:276)
at org.testng.SuiteRunnerWorker.runSuite(SuiteRunnerWorker.java:53)
at org.testng.SuiteRunnerWorker.run(SuiteRunnerWorker.java:96)
at org.testng.TestNG.runSuitesSequentially(TestNG.java:1212)
at org.testng.TestNG.runSuitesLocally(TestNG.java:1134)
at org.testng.TestNG.runSuites(TestNG.java:1063)
at org.testng.TestNG.run(TestNG.java:1031)
at org.testng.remote.AbstractRemoteTestNG.run(AbstractRemoteTestNG.java:115)
at org.testng.remote.RemoteTestNG.initAndRun(RemoteTestNG.java:293)
at org.testng.remote.RemoteTestNG.main(RemoteTestNG.java:91)
]]>
            </full-stacktrace>
          </exception> <!-- java.lang.AssertionError -->
          <reporter-output>
          </reporter-output>
        </test-method> <!-- TwoImages -->
        <test-method is-config="true" signature="tearDown()[pri:0, instance:pomTests.HomePageTC@5876a9af]" started-at="2025-04-18T23:17:22 IST" name="tearDown" finished-at="2025-04-18T23:17:23 IST" duration-ms="420" status="PASS">
          <reporter-output>
          </reporter-output>
        </test-method> <!-- tearDown -->
      </class> <!-- pomTests.HomePageTC -->
    </test> <!-- Default test -->
  </suite> <!-- Default suite -->
</testng-results>
